<?xml version="1.0" encoding="UTF-8"?>
<Site BuildName="(empty)"
	BuildStamp="20251117-1108-Experimental"
	Name="(empty)"
	Generator="ctest-3.29.2"
	CompilerName=""
	CompilerVersion=""
	OSName="Windows"
	Hostname="DESKTOP-PO08AT4"
	OSRelease=" Professional"
	OSVersion=" (Build 9200)"
	OSPlatform="AMD64"
	Is64Bits="1"
	VendorString=""
	VendorID="Unknown Manufacturer"
	FamilyID="0"
	ModelID="0"
	ProcessorCacheSize="0"
	NumberOfLogicalCPU="8"
	NumberOfPhysicalCPU="4"
	TotalVirtualMemory="32505"
	TotalPhysicalMemory="16121"
	LogicalProcessorsPerPhysical="2"
	ProcessorClockFrequency="1190"
	>
	<Testing>
		<StartDateTime>Nov 18 00:14 [NON-UTF-8-BYTE-0xCD][NON-UTF-8-BYTE-0xEE][NON-UTF-8-BYTE-0xE2][NON-UTF-8-BYTE-0xEE][NON-UTF-8-BYTE-0xF1][NON-UTF-8-BYTE-0xE8][NON-UTF-8-BYTE-0xE1][NON-UTF-8-BYTE-0xE8][NON-UTF-8-BYTE-0xF0][NON-UTF-8-BYTE-0xF1][NON-UTF-8-BYTE-0xEA][NON-UTF-8-BYTE-0xEE][NON-UTF-8-BYTE-0xE5] [NON-UTF-8-BYTE-0xF1][NON-UTF-8-BYTE-0xF2][NON-UTF-8-BYTE-0xE0][NON-UTF-8-BYTE-0xED][NON-UTF-8-BYTE-0xE4][NON-UTF-8-BYTE-0xE0][NON-UTF-8-BYTE-0xF0][NON-UTF-8-BYTE-0xF2][NON-UTF-8-BYTE-0xED][NON-UTF-8-BYTE-0xEE][NON-UTF-8-BYTE-0xE5] [NON-UTF-8-BYTE-0xE2][NON-UTF-8-BYTE-0xF0][NON-UTF-8-BYTE-0xE5][NON-UTF-8-BYTE-0xEC][NON-UTF-8-BYTE-0xFF]</StartDateTime>
		<StartTestTime>1763399688</StartTestTime>
		<TestList/>
		<EndDateTime>Nov 18 00:14 [NON-UTF-8-BYTE-0xCD][NON-UTF-8-BYTE-0xEE][NON-UTF-8-BYTE-0xE2][NON-UTF-8-BYTE-0xEE][NON-UTF-8-BYTE-0xF1][NON-UTF-8-BYTE-0xE8][NON-UTF-8-BYTE-0xE1][NON-UTF-8-BYTE-0xE8][NON-UTF-8-BYTE-0xF0][NON-UTF-8-BYTE-0xF1][NON-UTF-8-BYTE-0xEA][NON-UTF-8-BYTE-0xEE][NON-UTF-8-BYTE-0xE5] [NON-UTF-8-BYTE-0xF1][NON-UTF-8-BYTE-0xF2][NON-UTF-8-BYTE-0xE0][NON-UTF-8-BYTE-0xED][NON-UTF-8-BYTE-0xE4][NON-UTF-8-BYTE-0xE0][NON-UTF-8-BYTE-0xF0][NON-UTF-8-BYTE-0xF2][NON-UTF-8-BYTE-0xED][NON-UTF-8-BYTE-0xEE][NON-UTF-8-BYTE-0xE5] [NON-UTF-8-BYTE-0xE2][NON-UTF-8-BYTE-0xF0][NON-UTF-8-BYTE-0xE5][NON-UTF-8-BYTE-0xEC][NON-UTF-8-BYTE-0xFF]</EndDateTime>
		<EndTestTime>1763399688</EndTestTime>
		<ElapsedMinutes>0</ElapsedMinutes>
	</Testing>
</Site>
